2017-11-14 08:23:03|Request|0201484933|1234567|1|0
2017-11-14 08:23:03|Request_reply|0201484933|Welcome to Hamdulilah Mobile Payment System
1. Send Money to all Networks
2. Exit|1234567|1
2017-11-14 08:24:54|Request|0201484933|1234567|1|1
2017-11-14 08:24:54|Request_reply|0201484933|1. Enter Amount
2. Exit|1234567|1
2017-11-14 08:25:38|Request|0201484933|1234567|50|2
2017-11-14 08:25:38|Request_reply|0201484933|Enter recipient phone number
2. Exit|1234567|1
2017-11-14 08:27:27|Request|0201484933|1234567|50|3
2017-11-14 08:27:27|Request_reply|0201484933|Invalid phone number|1234567|0
2017-11-14 08:27:55|Request|0201484933|1234567|1|0
2017-11-14 08:27:55|Request_reply|0201484933|Welcome to Hamdulilah Mobile Payment System
1. Send Money to all Networks
2. Exit|1234567|1
2017-11-14 08:28:05|Request|0201484933|1234567|1|1
2017-11-14 08:28:05|Request_reply|0201484933|1. Enter Amount
2. Exit|1234567|1
2017-11-14 08:28:14|Request|0201484933|1234567|50|2
2017-11-14 08:28:14|Request_reply|0201484933|Enter recipient phone number
2. Exit|1234567|1
2017-11-14 08:28:33|Request|0201484933|1234567|0540319917|3
2017-11-14 08:31:33|Request|0201484933|1234567|0540319917|3
2017-11-14 08:32:27|Request|0201484933|1234567|0540319917|3
2017-11-14 08:32:27|Request_reply|0201484933||1234567|1
2017-11-14 08:34:56|Request|0201484933|1234567|0540319917|3
2017-11-14 08:34:56|Request_reply|0201484933||1234567|1
2017-11-14 08:35:33|Request|0201484933|1234567|0540319917|3
2017-11-14 08:35:33|Request_reply|0201484933||1234567|1
2017-11-14 20:12:36|Request||||0
2017-11-14 20:12:36|Request_reply||Welcome to Hamdulilah Mobile Payment System
1. Send Money to all Networks
2. Exit||1
2017-11-14 20:13:29|Request|0201484933||1|3
2017-11-14 20:13:29|Request_reply|0201484933|Invalid phone number||0
2017-11-14 20:13:40|Request|0201484933||1|0
2017-11-14 20:13:40|Request_reply|0201484933|Welcome to Hamdulilah Mobile Payment System
1. Send Money to all Networks
2. Exit||1
2017-11-14 20:15:13|Request|0201484933|123456789|1|1
2017-11-14 20:15:13|Request_reply|0201484933|1. Enter Amount
2. Exit|123456789|1
2017-11-14 20:23:06|Request|0201484933|123456789|1|2
2017-11-14 20:23:06|Request_reply|0201484933|Enter recipient phone number
2. Exit|123456789|1
2017-11-14 20:23:11|Request|0201484933|123456789|1|3
2017-11-14 20:23:11|Request_reply|0201484933|Invalid phone number|123456789|0
2017-11-14 20:23:17|Request|0201484933|123456789|1|0
2017-11-14 20:23:17|Request_reply|0201484933|Welcome to Hamdulilah Mobile Payment System
1. Send Money to all Networks
2. Exit|123456789|1
2017-11-14 20:23:35|Request|0201484933|123456789|1|1
2017-11-14 20:23:35|Request_reply|0201484933|1. Enter Amount
2. Exit|123456789|1
2017-11-14 20:23:49|Request|0201484933|123456789|50|2
2017-11-14 20:23:49|Request_reply|0201484933|Enter recipient phone number
2. Exit|123456789|1
2017-11-14 20:24:05|Request|0201484933|123456789|0201484933|3
2017-11-14 20:24:05|Request_reply|0201484933||123456789|1
2017-11-14 20:28:41|Request|0201484933|123456789|0201484933|3
2017-11-14 20:28:41|Request_reply|0201484933|Trasaction could not be processed. Try Again|123456789|1
2017-11-14 20:28:56|Request|0201484933|123456789|0201484933|2
2017-11-14 20:28:56|Request_reply|0201484933|Enter recipient phone number
2. Exit|123456789|1
2017-11-14 20:29:08|Request|0201484933|123456789|0201484933|2
2017-11-14 20:29:08|Request_reply|0201484933|Enter recipient phone number
2. Exit|123456789|1
2017-11-14 20:29:11|Request|0201484933|123456789|0201484933|2
2017-11-14 20:29:11|Request_reply|0201484933|Enter recipient phone number
2. Exit|123456789|1
2017-11-14 20:29:21|Request|0201484933|123456789|0201484933|2
2017-11-14 20:29:21|Request_reply|0201484933|Enter recipient phone number
2. Exit|123456789|1
2017-11-14 20:29:24|Request|0201484933|123456789|0201484933|2
2017-11-14 20:29:24|Request_reply|0201484933|Enter recipient phone number
2. Exit|123456789|1
2017-11-14 20:34:56|Request|0201484933|123456789|0201484933|2
2017-11-14 20:34:56|Request_reply|0201484933|Enter recipient phone number
2. Exit|123456789|1
2017-11-14 20:35:13|Request||||0
2017-11-14 20:35:13|Request_reply||Welcome to Hamdulilah Mobile Payment System
1. Send Money to all Networks
2. Exit||1
2017-11-14 20:35:57|Request|0201484933|123456789|1|2
2017-11-14 20:35:57|Request_reply|0201484933|Enter recipient phone number
2. Exit|123456789|1
2017-11-14 20:36:16|Request|0201484933|123456789|0201484933|2
2017-11-14 20:36:16|Request_reply|0201484933|Enter recipient phone number
2. Exit|123456789|1
2017-11-14 20:36:30|Request|0201484933|123456789|0201484933|2
2017-11-14 20:36:30|Request_reply|0201484933|Enter recipient phone number
2. Exit|123456789|1
2017-11-14 20:36:46|Request|0201484933|123456789|0201484933|2
2017-11-14 20:36:46|Request_reply|0201484933|Enter recipient phone number
2. Exit|123456789|1
2017-11-14 20:38:26|Request|0201484933|123456789|0201484933|0
2017-11-14 20:38:26|Request_reply|0201484933|Welcome to Hamdulilah Mobile Payment System
1. Send Money to all Networks
2. Exit|123456789|1
2017-11-14 20:38:44|Request|0201484933|123456789|1|1
2017-11-14 20:38:44|Request_reply|0201484933|1. Enter Amount
2. Exit|123456789|1
2017-11-14 20:38:57|Request|0201484933|123456789|10|2
2017-11-14 20:38:57|Request_reply|0201484933|Enter recipient phone number
2. Exit|123456789|1
2017-11-14 20:39:13|Request|0201484933|123456789|0201484933|3
2017-11-14 20:39:13|Request_reply|0201484933|Trasaction could not be processed. Try Again|123456789|1
2017-11-14 20:40:08|Request|0201484933|123456789|0201484933|2
2017-11-14 20:40:08|Request_reply|0201484933|Enter recipient phone number
2. Exit|123456789|1
2017-11-14 20:40:14|Request|0201484933|123456789|0201484933|2
2017-11-14 20:40:14|Request_reply|0201484933|Enter recipient phone number
2. Exit|123456789|1
2017-11-14 20:41:40|Request|0201484933|123456789|0201484933|0
2017-11-14 20:41:40|Request_reply|0201484933|Welcome to Hamdulilah Mobile Payment System
1. Send Money to all Networks
2. Exit|123456789|1
2017-11-14 20:42:19|Request|0201484933|123456789|1|1
2017-11-14 20:42:19|Request_reply|0201484933|1. Enter Amount
2. Exit|123456789|1
2017-11-14 20:42:29|Request|0201484933|123456789|10|2
2017-11-14 20:42:29|Request_reply|0201484933|Enter recipient phone number
2. Exit|123456789|1
2017-11-14 20:42:52|Request|0201484933|123456789|0540319917|3
2017-11-14 20:42:52|Request_reply|0201484933|Trasaction could not be processed. Try Again|123456789|1
2017-11-15 18:55:52|Request|0201484933|123456789|1|2
2017-11-15 18:55:52|Request_reply|0201484933|Enter recipient phone number
0. Exit|123456789|1
2017-11-15 18:58:26|Request|0201484933|123456789|1|2
2017-11-15 18:58:26|Request_reply| 1. Enter recipient phone number
0. Exit|1
2017-11-15 19:05:36|Request|0540319917|123456789|1|0
2017-11-15 19:05:36|Request_reply|Welcome to Hamdulilah Mobile Payment System
1. Send Money to all Networks
0. Exit|1
2017-11-15 19:05:50|Request|0540319917|123456789|1|1
2017-11-15 19:05:50|Request_reply|1. Enter Amount
0. Exit|1
2017-11-15 19:06:01|Request|0540319917|123456789|10|2
2017-11-15 19:06:01|Request_reply| 1. Enter recipient phone number
0. Exit|1
2017-11-15 19:06:20|Request|0540319917|123456789|0201484933|3
2017-11-15 19:06:20|Request_reply|Trascation couldn't be processed|1
2017-11-15 19:16:19|Request|0540319917|123456789|0201484933|0
2017-11-15 19:16:19|Request_reply|Welcome to Hamdulilah Mobile Payment System
1. Send Money to all Networks
0. Exit|1
2017-11-15 19:16:42|Request|0201484933|123456789|1|2
2017-11-15 19:16:42|Request_reply| 1. Enter recipient phone number
0. Exit|1
2017-11-15 19:17:00|Request|0201484933|123456789|0201484933|2
2017-11-15 19:17:00|Request_reply| 1. Enter recipient phone number
0. Exit|1
2017-11-15 19:17:13|Request|0201484933|123456789|0201484933|2
2017-11-15 19:17:13|Request_reply| 1. Enter recipient phone number
0. Exit|1
2017-11-15 19:17:31|Request|0201484933|123456789|0|2
2017-11-15 19:17:31|Request_reply| 1. Enter recipient phone number
0. Exit|1
2017-11-15 19:17:46|Request||||0
2017-11-15 19:17:46|Request_reply|Welcome to Hamdulilah Mobile Payment System
1. Send Money to all Networks
0. Exit|1
2017-11-15 19:18:06|Request|0540319917|123456789|0201484933|1
2017-11-15 19:18:06|Request_reply|Invalid Option Selected|0
2017-11-15 19:19:50|Request|0540319917|123456789|0201484933|0
2017-11-15 19:19:50|Request_reply|Welcome to Hamdulilah Mobile Payment System
1. Send Money to all Networks
0. Exit|1
2017-11-15 19:20:18|Request|0540319917|123456789|0|1
2017-11-15 19:20:18|Request_reply|Trascation process cancelled.|0
2017-11-15 19:20:38|Request|0540319917|123456789|0201484933|0
2017-11-15 19:20:38|Request_reply|Welcome to Hamdulilah Mobile Payment System
1. Send Money to all Networks
0. Exit|1
2017-11-15 19:21:01|Request|0540319917|123456789|1|1
2017-11-15 19:21:01|Request_reply|1. Enter Amount
0. Exit|1
2017-11-15 19:21:24|Request|0540319917|123456789|10|2
2017-11-15 19:21:24|Request_reply| 1. Enter recipient phone number
0. Exit|1
2017-11-15 19:21:50|Request|0540319917|123456789|0201484933|3
2017-11-15 19:21:55|Request|0201484933|123456789|0201484933|0
2017-11-15 19:21:55|Request_reply|Welcome to Hamdulilah Mobile Payment System
1. Send Money to all Networks
0. Exit|1
2017-11-15 19:21:50|Request_reply|Trascation couldn't be processed|1
2017-11-15 19:28:49|Request|0540319917|123456789|0201484933|0
2017-11-15 19:28:49|Request_reply|Welcome to Hamdulilah Mobile Payment System
1. Send Money to all Networks
0. Exit|1
2017-11-15 19:29:01|Request|0540319917|123456789|1|1
2017-11-15 19:29:01|Request_reply|1. Enter Amount
0. Exit|1
2017-11-15 19:29:11|Request|0540319917|123456789|10|2
2017-11-15 19:29:11|Request_reply| 1. Enter recipient phone number
0. Exit|1
2017-11-15 19:29:26|Request|0540319917|123456789|0201484933|3
2017-11-15 19:29:26|Request_reply|Trascation couldn't be processed|1
2017-11-15 19:32:36|Request|0540319917|123456789|0201484933|0
2017-11-15 19:32:36|Request_reply|Welcome to Hamdulilah Mobile Payment System
1. Send Money to all Networks
0. Exit|1
2017-11-15 19:32:44|Request|0540319917||1sessionID=123456789|1
2017-11-15 19:32:44|Request_reply|Invalid Option Selected|0
2017-11-15 19:33:09|Request|0540319917|123456789|1|0
2017-11-15 19:33:09|Request_reply|Welcome to Hamdulilah Mobile Payment System
1. Send Money to all Networks
0. Exit|1
2017-11-15 19:33:17|Request|0540319917|123456789|1|1
2017-11-15 19:33:17|Request_reply|1. Enter Amount
0. Exit|1
2017-11-15 19:33:24|Request|0540319917|123456789|1|2
2017-11-15 19:33:24|Request_reply| 1. Enter recipient phone number
0. Exit|1
2017-11-15 19:33:36|Request|0540319917|123456789|0201484933|3
2017-11-15 19:33:36|Request_reply|Trascation couldn't be processed|1
2017-11-15 20:01:04|Request|0540319917|123456789|0201484933|0
2017-11-15 20:01:04|Request_reply|Welcome to Hamdulilah Mobile Payment System
1. Send Money to all Networks
0. Exit|1
2017-11-15 20:01:17|Request|0540319917|123456789|1|1
2017-11-15 20:01:17|Request_reply|1. Enter Amount
0. Exit|1
2017-11-15 20:01:22|Request|0540319917|123456789|1|2
2017-11-15 20:01:22|Request_reply| 1. Enter recipient phone number
0. Exit|1
2017-11-15 20:01:33|Request|0540319917|123456789|0201484933|3
2017-11-15 20:01:33|Request_reply|Trascation couldn't be processed|1
2017-11-15 20:02:54|Request|0540319917|123456789|0201484933|0
2017-11-15 20:02:54|Request_reply|Welcome to Hamdulilah Mobile Payment System
1. Send Money to all Networks
0. Exit|1
2017-11-15 20:03:04|Request|0540319917|123456789|1|1
2017-11-15 20:03:04|Request_reply|1. Enter Amount
0. Exit|1
2017-11-15 20:03:12|Request|0540319917|123456789|1|2
2017-11-15 20:03:12|Request_reply| 1. Enter recipient phone number
0. Exit|1
2017-11-15 20:03:24|Request|0540319917|123456789|0201484933|3
2017-11-15 20:03:24|Request_reply|Trascation couldn't be processed|1
2017-11-15 21:09:59|Request|0201484933|123456789|1|0
2017-11-15 21:09:59|Request_reply|Welcome to Hamdulilah Mobile Payment System
1. Send Money to all Networks
0. Exit|1
2017-11-15 21:10:04|Request|0201484933|123456789|1|1
2017-11-15 21:10:04|Request_reply|1. Enter Amount
0. Exit|1
2017-11-15 21:10:09|Request|0201484933|123456789|1|2
2017-11-15 21:10:09|Request_reply| 1. Enter recipient phone number
0. Exit|1
2017-11-15 21:10:38|Request|0201484933|123456789|0540319917|3
2017-11-15 21:10:38|Request_reply|Trascation couldn't be processed|1
